Warning: The cache directory for DeepSpeed Triton autotune, /u/namanr2/.triton/autotune, appears to be on an NFS system. While this is generally acceptable, if you experience slowdowns or hanging when DeepSpeed exits, it is recommended to set the TRITON_CACHE_DIR environment variable to a non-NFS path.
[2026-01-15 10:07:10,644] [WARNING] [runner.py:232:fetch_hostfile] Unable to find hostfile, will proceed with training with local resources only.
Detected VISIBLE_DEVICES=0,1,2,3 but ignoring it because one or several of --include/--exclude/--num_gpus/--num_nodes cl args were used. If you want to use CUDA_VISIBLE_DEVICES don't pass any of these arguments to deepspeed.
[2026-01-15 10:07:10,644] [INFO] [runner.py:630:main] cmd = /u/namanr2/.conda/envs/ucp_env/bin/python3.10 -u -m deepspeed.launcher.launch --world_info=eyJsb2NhbGhvc3QiOiBbMCwgMSwgMiwgM119 --master_addr=127.0.0.1 --master_port=29500 --enable_each_rank_log=None --log_level=info pretrain_gpt.py --tensor-model-parallel-size 4 --pipeline-model-parallel-size 1 --train-iters 200 --eval-interval 10 --load z1_uni_ckpt/checkpoints/source_tp1_pp1_dp4_sp1 --save z1_uni_ckpt/checkpoints/target_tp4_pp1_dp1_sp1 --micro-batch-size 4 --universal-checkpoint --override-opt_param-scheduler --data-path /u/namanr2/Univ_Ckpt/Megatron-DeepSpeed/data/my-gpt2_text_document --vocab-file data/gpt2-vocab.json --merge-file data/gpt2-merges.txt --tensorboard-dir z1_uni_ckpt/tensorboard/bf16/target_tp4_pp1_dp1_sp1 --deepspeed --deepspeed_config ds_config_target.json --num-layers 4 --hidden-size 512 --num-attention-heads 32 --seq-length 512 --max-position-embeddings 512 --lr 6.0e-3 --min-lr 6.0e-4 --lr-decay-style cosine --split 98,2,0 --clip-grad 1.0 --weight-decay 0.1 --adam-beta1 0.9 --adam-beta2 0.95 --init-method-std 0.006 --bf16 --checkpoint-activations --zero-stage=1 --deepspeed-activation-checkpointing --tensorboard-log-interval 1 --eval-iters 40
Warning: The cache directory for DeepSpeed Triton autotune, /u/namanr2/.triton/autotune, appears to be on an NFS system. While this is generally acceptable, if you experience slowdowns or hanging when DeepSpeed exits, it is recommended to set the TRITON_CACHE_DIR environment variable to a non-NFS path.
[2026-01-15 10:07:16,630] [INFO] [launch.py:162:main] WORLD INFO DICT: {'localhost': [0, 1, 2, 3]}
[2026-01-15 10:07:16,630] [INFO] [launch.py:168:main] nnodes=1, num_local_procs=4, node_rank=0
[2026-01-15 10:07:16,630] [INFO] [launch.py:179:main] global_rank_mapping=defaultdict(<class 'list'>, {'localhost': [0, 1, 2, 3]})
[2026-01-15 10:07:16,630] [INFO] [launch.py:180:main] dist_world_size=4
[2026-01-15 10:07:16,630] [INFO] [launch.py:184:main] Setting CUDA_VISIBLE_DEVICES=0,1,2,3
[2026-01-15 10:07:16,631] [INFO] [launch.py:272:main] process 773398 spawned with command: ['/u/namanr2/.conda/envs/ucp_env/bin/python3.10', '-u', 'pretrain_gpt.py', '--local_rank=0', '--tensor-model-parallel-size', '4', '--pipeline-model-parallel-size', '1', '--train-iters', '200', '--eval-interval', '10', '--load', 'z1_uni_ckpt/checkpoints/source_tp1_pp1_dp4_sp1', '--save', 'z1_uni_ckpt/checkpoints/target_tp4_pp1_dp1_sp1', '--micro-batch-size', '4', '--universal-checkpoint', '--override-opt_param-scheduler', '--data-path', '/u/namanr2/Univ_Ckpt/Megatron-DeepSpeed/data/my-gpt2_text_document', '--vocab-file', 'data/gpt2-vocab.json', '--merge-file', 'data/gpt2-merges.txt', '--tensorboard-dir', 'z1_uni_ckpt/tensorboard/bf16/target_tp4_pp1_dp1_sp1', '--deepspeed', '--deepspeed_config', 'ds_config_target.json', '--num-layers', '4', '--hidden-size', '512', '--num-attention-heads', '32', '--seq-length', '512', '--max-position-embeddings', '512', '--lr', '6.0e-3', '--min-lr', '6.0e-4', '--lr-decay-style', 'cosine', '--split', '98,2,0', '--clip-grad', '1.0', '--weight-decay', '0.1', '--adam-beta1', '0.9', '--adam-beta2', '0.95', '--init-method-std', '0.006', '--bf16', '--checkpoint-activations', '--zero-stage=1', '--deepspeed-activation-checkpointing', '--tensorboard-log-interval', '1', '--eval-iters', '40']
[2026-01-15 10:07:16,632] [INFO] [launch.py:272:main] process 773399 spawned with command: ['/u/namanr2/.conda/envs/ucp_env/bin/python3.10', '-u', 'pretrain_gpt.py', '--local_rank=1', '--tensor-model-parallel-size', '4', '--pipeline-model-parallel-size', '1', '--train-iters', '200', '--eval-interval', '10', '--load', 'z1_uni_ckpt/checkpoints/source_tp1_pp1_dp4_sp1', '--save', 'z1_uni_ckpt/checkpoints/target_tp4_pp1_dp1_sp1', '--micro-batch-size', '4', '--universal-checkpoint', '--override-opt_param-scheduler', '--data-path', '/u/namanr2/Univ_Ckpt/Megatron-DeepSpeed/data/my-gpt2_text_document', '--vocab-file', 'data/gpt2-vocab.json', '--merge-file', 'data/gpt2-merges.txt', '--tensorboard-dir', 'z1_uni_ckpt/tensorboard/bf16/target_tp4_pp1_dp1_sp1', '--deepspeed', '--deepspeed_config', 'ds_config_target.json', '--num-layers', '4', '--hidden-size', '512', '--num-attention-heads', '32', '--seq-length', '512', '--max-position-embeddings', '512', '--lr', '6.0e-3', '--min-lr', '6.0e-4', '--lr-decay-style', 'cosine', '--split', '98,2,0', '--clip-grad', '1.0', '--weight-decay', '0.1', '--adam-beta1', '0.9', '--adam-beta2', '0.95', '--init-method-std', '0.006', '--bf16', '--checkpoint-activations', '--zero-stage=1', '--deepspeed-activation-checkpointing', '--tensorboard-log-interval', '1', '--eval-iters', '40']
[2026-01-15 10:07:16,633] [INFO] [launch.py:272:main] process 773400 spawned with command: ['/u/namanr2/.conda/envs/ucp_env/bin/python3.10', '-u', 'pretrain_gpt.py', '--local_rank=2', '--tensor-model-parallel-size', '4', '--pipeline-model-parallel-size', '1', '--train-iters', '200', '--eval-interval', '10', '--load', 'z1_uni_ckpt/checkpoints/source_tp1_pp1_dp4_sp1', '--save', 'z1_uni_ckpt/checkpoints/target_tp4_pp1_dp1_sp1', '--micro-batch-size', '4', '--universal-checkpoint', '--override-opt_param-scheduler', '--data-path', '/u/namanr2/Univ_Ckpt/Megatron-DeepSpeed/data/my-gpt2_text_document', '--vocab-file', 'data/gpt2-vocab.json', '--merge-file', 'data/gpt2-merges.txt', '--tensorboard-dir', 'z1_uni_ckpt/tensorboard/bf16/target_tp4_pp1_dp1_sp1', '--deepspeed', '--deepspeed_config', 'ds_config_target.json', '--num-layers', '4', '--hidden-size', '512', '--num-attention-heads', '32', '--seq-length', '512', '--max-position-embeddings', '512', '--lr', '6.0e-3', '--min-lr', '6.0e-4', '--lr-decay-style', 'cosine', '--split', '98,2,0', '--clip-grad', '1.0', '--weight-decay', '0.1', '--adam-beta1', '0.9', '--adam-beta2', '0.95', '--init-method-std', '0.006', '--bf16', '--checkpoint-activations', '--zero-stage=1', '--deepspeed-activation-checkpointing', '--tensorboard-log-interval', '1', '--eval-iters', '40']
[2026-01-15 10:07:16,634] [INFO] [launch.py:272:main] process 773401 spawned with command: ['/u/namanr2/.conda/envs/ucp_env/bin/python3.10', '-u', 'pretrain_gpt.py', '--local_rank=3', '--tensor-model-parallel-size', '4', '--pipeline-model-parallel-size', '1', '--train-iters', '200', '--eval-interval', '10', '--load', 'z1_uni_ckpt/checkpoints/source_tp1_pp1_dp4_sp1', '--save', 'z1_uni_ckpt/checkpoints/target_tp4_pp1_dp1_sp1', '--micro-batch-size', '4', '--universal-checkpoint', '--override-opt_param-scheduler', '--data-path', '/u/namanr2/Univ_Ckpt/Megatron-DeepSpeed/data/my-gpt2_text_document', '--vocab-file', 'data/gpt2-vocab.json', '--merge-file', 'data/gpt2-merges.txt', '--tensorboard-dir', 'z1_uni_ckpt/tensorboard/bf16/target_tp4_pp1_dp1_sp1', '--deepspeed', '--deepspeed_config', 'ds_config_target.json', '--num-layers', '4', '--hidden-size', '512', '--num-attention-heads', '32', '--seq-length', '512', '--max-position-embeddings', '512', '--lr', '6.0e-3', '--min-lr', '6.0e-4', '--lr-decay-style', 'cosine', '--split', '98,2,0', '--clip-grad', '1.0', '--weight-decay', '0.1', '--adam-beta1', '0.9', '--adam-beta2', '0.95', '--init-method-std', '0.006', '--bf16', '--checkpoint-activations', '--zero-stage=1', '--deepspeed-activation-checkpointing', '--tensorboard-log-interval', '1', '--eval-iters', '40']
Warning: The cache directory for DeepSpeed Triton autotune, /u/namanr2/.triton/autotune, appears to be on an NFS system. While this is generally acceptable, if you experience slowdowns or hanging when DeepSpeed exits, it is recommended to set the TRITON_CACHE_DIR environment variable to a non-NFS path.
Warning: The cache directory for DeepSpeed Triton autotune, /u/namanr2/.triton/autotune, appears to be on an NFS system. While this is generally acceptable, if you experience slowdowns or hanging when DeepSpeed exits, it is recommended to set the TRITON_CACHE_DIR environment variable to a non-NFS path.
Warning: The cache directory for DeepSpeed Triton autotune, /u/namanr2/.triton/autotune, appears to be on an NFS system. While this is generally acceptable, if you experience slowdowns or hanging when DeepSpeed exits, it is recommended to set the TRITON_CACHE_DIR environment variable to a non-NFS path.
Warning: The cache directory for DeepSpeed Triton autotune, /u/namanr2/.triton/autotune, appears to be on an NFS system. While this is generally acceptable, if you experience slowdowns or hanging when DeepSpeed exits, it is recommended to set the TRITON_CACHE_DIR environment variable to a non-NFS path.
--------------------------------------------------
DeepSpeed C++/CUDA extension op report
--------------------------------------------------
NOTE: Ops not installed will be just-in-time (JIT) compiled at
      runtime if needed. Op compatibility means that your system
      meet the required dependencies to JIT install the op.
--------------------------------------------------
JIT compiled ops requires ninja
ninja .................. [92m[OKAY][0m
--------------------------------------------------
op name ................ installed .. compatible
--------------------------------------------------
--------------------------------------------------
DeepSpeed C++/CUDA extension op report
--------------------------------------------------
NOTE: Ops not installed will be just-in-time (JIT) compiled at
      runtime if needed. Op compatibility means that your system
      meet the required dependencies to JIT install the op.
--------------------------------------------------
JIT compiled ops requires ninja
[93m [WARNING] [0m async_io requires the dev libaio .so object and headers but these were not found.
ninja .................. [92m[OKAY][0m
--------------------------------------------------
op name ................ installed .. compatible
--------------------------------------------------
[93m [WARNING] [0m async_io: please install the libaio-devel package with yum
[93m [WARNING] [0m If libaio is already installed (perhaps from source), try setting the CFLAGS and LDFLAGS environment variables to where it can be found.
async_io ............... [93m[NO][0m ....... [93m[NO][0m
fused_adam ............. [93m[NO][0m ....... [92m[OKAY][0m
cpu_adam ............... [93m[NO][0m ....... [92m[OKAY][0m
cpu_adagrad ............ [93m[NO][0m ....... [92m[OKAY][0m
cpu_lion ............... [93m[NO][0m ....... [92m[OKAY][0m
dc ..................... [93m[NO][0m ....... [92m[OKAY][0m
[93m [WARNING] [0m Please specify the CUTLASS repo directory as environment variable $CUTLASS_PATH
evoformer_attn ......... [93m[NO][0m ....... [93m[NO][0m
fp_quantizer ........... [93m[NO][0m ....... [92m[OKAY][0m
fused_lamb ............. [93m[NO][0m ....... [92m[OKAY][0m
fused_lion ............. [93m[NO][0m ....... [92m[OKAY][0m
[93m [WARNING] [0m async_io requires the dev libaio .so object and headers but these were not found.
[93m [WARNING] [0m async_io: please install the libaio-devel package with yum
[93m [WARNING] [0m If libaio is already installed (perhaps from source), try setting the CFLAGS and LDFLAGS environment variables to where it can be found.
async_io ............... [93m[NO][0m ....... [93m[NO][0m
fused_adam ............. [93m[NO][0m ....... [92m[OKAY][0m
cpu_adam ............... [93m[NO][0m ....... [92m[OKAY][0m
cpu_adagrad ............ [93m[NO][0m ....... [92m[OKAY][0m
cpu_lion ............... [93m[NO][0m ....... [92m[OKAY][0m
dc ..................... [93m[NO][0m ....... [92m[OKAY][0m
[93m [WARNING] [0m Please specify the CUTLASS repo directory as environment variable $CUTLASS_PATH
evoformer_attn ......... [93m[NO][0m ....... [93m[NO][0m
gds .................... [93m[NO][0m ....... [93m[NO][0m
fp_quantizer ........... [93m[NO][0m ....... [92m[OKAY][0m
fused_lamb ............. [93m[NO][0m ....... [92m[OKAY][0m
fused_lion ............. [93m[NO][0m ....... [92m[OKAY][0m
transformer_inference .. [93m[NO][0m ....... [92m[OKAY][0m
inference_core_ops ..... [93m[NO][0m ....... [92m[OKAY][0m
--------------------------------------------------
DeepSpeed C++/CUDA extension op report
--------------------------------------------------
NOTE: Ops not installed will be just-in-time (JIT) compiled at
      runtime if needed. Op compatibility means that your system
      meet the required dependencies to JIT install the op.
--------------------------------------------------
JIT compiled ops requires ninja
--------------------------------------------------
DeepSpeed C++/CUDA extension op report
--------------------------------------------------
NOTE: Ops not installed will be just-in-time (JIT) compiled at
      runtime if needed. Op compatibility means that your system
      meet the required dependencies to JIT install the op.
--------------------------------------------------
JIT compiled ops requires ninja
cutlass_ops ............ [93m[NO][0m ....... [92m[OKAY][0m
quantizer .............. [93m[NO][0m ....... [92m[OKAY][0m
ninja .................. [92m[OKAY][0m
--------------------------------------------------
op name ................ installed .. compatible
--------------------------------------------------
ragged_device_ops ...... [93m[NO][0m ....... [92m[OKAY][0m
ninja .................. [92m[OKAY][0m
--------------------------------------------------
op name ................ installed .. compatible
--------------------------------------------------
ragged_ops ............. [93m[NO][0m ....... [92m[OKAY][0m
random_ltd ............. [93m[NO][0m ....... [92m[OKAY][0m
[93m [WARNING] [0m sparse_attn requires a torch version >= 1.5 and < 2.0 but detected 2.5
[93m [WARNING] [0m using untested triton version (3.1.0), only 1.0.0 is known to be compatible
sparse_attn ............ [93m[NO][0m ....... [93m[NO][0m
spatial_inference ...... [93m[NO][0m ....... [92m[OKAY][0m
transformer ............ [93m[NO][0m ....... [92m[OKAY][0m
stochastic_transformer . [93m[NO][0m ....... [92m[OKAY][0m
utils .................. [93m[NO][0m ....... [92m[OKAY][0m
--------------------------------------------------
DeepSpeed general environment info:
torch install path ............... ['/u/namanr2/.conda/envs/ucp_env/lib/python3.10/site-packages/torch']
torch version .................... 2.5.1+cu121
deepspeed install path ........... ['/u/namanr2/.conda/envs/ucp_env/lib/python3.10/site-packages/deepspeed']
deepspeed info ................... 0.18.4, unknown, unknown
torch cuda version ............... 12.1
torch hip version ................ None
nvcc version ..................... 12.8
deepspeed wheel compiled w. ...... torch 0.0, cuda 0.0
shared memory (/dev/shm) size .... 125.81 GB
**** Git info for Megatron: git_hash=aab2f31 git_branch=main ****
using world size: 4, data-parallel-size: 1, sequence-parallel size: 1, tensor-model-parallel size: 4, pipeline-model-parallel size: 1 
setting global batch size to 4
accumulate and all-reduce gradients in fp32 for bfloat16 data type.
using torch.bfloat16 for parameters ...
gds .................... [93m[NO][0m ....... [93m[NO][0m
transformer_inference .. [93m[NO][0m ....... [92m[OKAY][0m
inference_core_ops ..... [93m[NO][0m ....... [92m[OKAY][0m
[93m [WARNING] [0m async_io requires the dev libaio .so object and headers but these were not found.
[93m [WARNING] [0m async_io requires the dev libaio .so object and headers but these were not found.
cutlass_ops ............ [93m[NO][0m ....... [92m[OKAY][0m
quantizer .............. [93m[NO][0m ....... [92m[OKAY][0m
ragged_device_ops ...... [93m[NO][0m ....... [92m[OKAY][0m
ragged_ops ............. [93m[NO][0m ....... [92m[OKAY][0m
random_ltd ............. [93m[NO][0m ....... [92m[OKAY][0m
[93m [WARNING] [0m sparse_attn requires a torch version >= 1.5 and < 2.0 but detected 2.5
[93m [WARNING] [0m using untested triton version (3.1.0), only 1.0.0 is known to be compatible
sparse_attn ............ [93m[NO][0m ....... [93m[NO][0m
spatial_inference ...... [93m[NO][0m ....... [92m[OKAY][0m
transformer ............ [93m[NO][0m ....... [92m[OKAY][0m
stochastic_transformer . [93m[NO][0m ....... [92m[OKAY][0m
utils .................. [93m[NO][0m ....... [92m[OKAY][0m
--------------------------------------------------
DeepSpeed general environment info:
torch install path ............... ['/u/namanr2/.conda/envs/ucp_env/lib/python3.10/site-packages/torch']
torch version .................... 2.5.1+cu121
deepspeed install path ........... ['/u/namanr2/.conda/envs/ucp_env/lib/python3.10/site-packages/deepspeed']
deepspeed info ................... 0.18.4, unknown, unknown
torch cuda version ............... 12.1
torch hip version ................ None
nvcc version ..................... 12.8
deepspeed wheel compiled w. ...... torch 0.0, cuda 0.0
shared memory (/dev/shm) size .... 125.81 GB
[93m [WARNING] [0m async_io: please install the libaio-devel package with yum
[93m [WARNING] [0m If libaio is already installed (perhaps from source), try setting the CFLAGS and LDFLAGS environment variables to where it can be found.
async_io ............... [93m[NO][0m ....... [93m[NO][0m
fused_adam ............. [93m[NO][0m ....... [92m[OKAY][0m
cpu_adam ............... [93m[NO][0m ....... [92m[OKAY][0m
cpu_adagrad ............ [93m[NO][0m ....... [92m[OKAY][0m
cpu_lion ............... [93m[NO][0m ....... [92m[OKAY][0m
dc ..................... [93m[NO][0m ....... [92m[OKAY][0m
[93m [WARNING] [0m Please specify the CUTLASS repo directory as environment variable $CUTLASS_PATH
evoformer_attn ......... [93m[NO][0m ....... [93m[NO][0m
[93m [WARNING] [0m async_io: please install the libaio-devel package with yum
[93m [WARNING] [0m If libaio is already installed (perhaps from source), try setting the CFLAGS and LDFLAGS environment variables to where it can be found.
async_io ............... [93m[NO][0m ....... [93m[NO][0m
fused_adam ............. [93m[NO][0m ....... [92m[OKAY][0m
cpu_adam ............... [93m[NO][0m ....... [92m[OKAY][0m
cpu_adagrad ............ [93m[NO][0m ....... [92m[OKAY][0m
cpu_lion ............... [93m[NO][0m ....... [92m[OKAY][0m
dc ..................... [93m[NO][0m ....... [92m[OKAY][0m
[93m [WARNING] [0m Please specify the CUTLASS repo directory as environment variable $CUTLASS_PATH
evoformer_attn ......... [93m[NO][0m ....... [93m[NO][0m
fp_quantizer ........... [93m[NO][0m ....... [92m[OKAY][0m
fused_lamb ............. [93m[NO][0m ....... [92m[OKAY][0m
fused_lion ............. [93m[NO][0m ....... [92m[OKAY][0m
fp_quantizer ........... [93m[NO][0m ....... [92m[OKAY][0m
fused_lamb ............. [93m[NO][0m ....... [92m[OKAY][0m
fused_lion ............. [93m[NO][0m ....... [92m[OKAY][0m
**** Git info for Megatron: git_hash=aab2f31 git_branch=main ****
gds .................... [93m[NO][0m ....... [93m[NO][0m
gds .................... [93m[NO][0m ....... [93m[NO][0m
transformer_inference .. [93m[NO][0m ....... [92m[OKAY][0m
transformer_inference .. [93m[NO][0m ....... [92m[OKAY][0m
inference_core_ops ..... [93m[NO][0m ....... [92m[OKAY][0m
inference_core_ops ..... [93m[NO][0m ....... [92m[OKAY][0m
cutlass_ops ............ [93m[NO][0m ....... [92m[OKAY][0m
quantizer .............. [93m[NO][0m ....... [92m[OKAY][0m
cutlass_ops ............ [93m[NO][0m ....... [92m[OKAY][0m
quantizer .............. [93m[NO][0m ....... [92m[OKAY][0m
ragged_device_ops ...... [93m[NO][0m ....... [92m[OKAY][0m
ragged_device_ops ...... [93m[NO][0m ....... [92m[OKAY][0m
ragged_ops ............. [93m[NO][0m ....... [92m[OKAY][0m
random_ltd ............. [93m[NO][0m ....... [92m[OKAY][0m
[93m [WARNING] [0m sparse_attn requires a torch version >= 1.5 and < 2.0 but detected 2.5
[93m [WARNING] [0m using untested triton version (3.1.0), only 1.0.0 is known to be compatible
sparse_attn ............ [93m[NO][0m ....... [93m[NO][0m
ragged_ops ............. [93m[NO][0m ....... [92m[OKAY][0m
random_ltd ............. [93m[NO][0m ....... [92m[OKAY][0m
[93m [WARNING] [0m sparse_attn requires a torch version >= 1.5 and < 2.0 but detected 2.5
[93m [WARNING] [0m using untested triton version (3.1.0), only 1.0.0 is known to be compatible
sparse_attn ............ [93m[NO][0m ....... [93m[NO][0m
spatial_inference ...... [93m[NO][0m ....... [92m[OKAY][0m
transformer ............ [93m[NO][0m ....... [92m[OKAY][0m
stochastic_transformer . [93m[NO][0m ....... [92m[OKAY][0m
utils .................. [93m[NO][0m ....... [92m[OKAY][0m
--------------------------------------------------
spatial_inference ...... [93m[NO][0m ....... [92m[OKAY][0m
transformer ............ [93m[NO][0m ....... [92m[OKAY][0m
stochastic_transformer . [93m[NO][0m ....... [92m[OKAY][0m
utils .................. [93m[NO][0m ....... [92m[OKAY][0m
--------------------------------------------------
DeepSpeed general environment info:
torch install path ............... ['/u/namanr2/.conda/envs/ucp_env/lib/python3.10/site-packages/torch']
torch version .................... 2.5.1+cu121
deepspeed install path ........... ['/u/namanr2/.conda/envs/ucp_env/lib/python3.10/site-packages/deepspeed']
deepspeed info ................... 0.18.4, unknown, unknown
torch cuda version ............... 12.1
torch hip version ................ None
nvcc version ..................... 12.8
deepspeed wheel compiled w. ...... torch 0.0, cuda 0.0
shared memory (/dev/shm) size .... 125.81 GB
DeepSpeed general environment info:
torch install path ............... ['/u/namanr2/.conda/envs/ucp_env/lib/python3.10/site-packages/torch']
torch version .................... 2.5.1+cu121
deepspeed install path ........... ['/u/namanr2/.conda/envs/ucp_env/lib/python3.10/site-packages/deepspeed']
deepspeed info ................... 0.18.4, unknown, unknown
torch cuda version ............... 12.1
torch hip version ................ None
nvcc version ..................... 12.8
deepspeed wheel compiled w. ...... torch 0.0, cuda 0.0
shared memory (/dev/shm) size .... 125.81 GB
**** Git info for Megatron: git_hash=aab2f31 git_branch=main ****
**** Git info for Megatron: git_hash=aab2f31 git_branch=main ****
[2026-01-15 10:07:24,642] [INFO] [launch.py:335:sigkill_handler] Killing subprocess 773398
[2026-01-15 10:07:24,642] [INFO] [launch.py:335:sigkill_handler] Killing subprocess 773399
[2026-01-15 10:07:24,715] [INFO] [launch.py:335:sigkill_handler] Killing subprocess 773400
[2026-01-15 10:07:24,793] [INFO] [launch.py:335:sigkill_handler] Killing subprocess 773401
[2026-01-15 10:07:24,813] [ERROR] [launch.py:341:sigkill_handler] ['/u/namanr2/.conda/envs/ucp_env/bin/python3.10', '-u', 'pretrain_gpt.py', '--local_rank=3', '--tensor-model-parallel-size', '4', '--pipeline-model-parallel-size', '1', '--train-iters', '200', '--eval-interval', '10', '--load', 'z1_uni_ckpt/checkpoints/source_tp1_pp1_dp4_sp1', '--save', 'z1_uni_ckpt/checkpoints/target_tp4_pp1_dp1_sp1', '--micro-batch-size', '4', '--universal-checkpoint', '--override-opt_param-scheduler', '--data-path', '/u/namanr2/Univ_Ckpt/Megatron-DeepSpeed/data/my-gpt2_text_document', '--vocab-file', 'data/gpt2-vocab.json', '--merge-file', 'data/gpt2-merges.txt', '--tensorboard-dir', 'z1_uni_ckpt/tensorboard/bf16/target_tp4_pp1_dp1_sp1', '--deepspeed', '--deepspeed_config', 'ds_config_target.json', '--num-layers', '4', '--hidden-size', '512', '--num-attention-heads', '32', '--seq-length', '512', '--max-position-embeddings', '512', '--lr', '6.0e-3', '--min-lr', '6.0e-4', '--lr-decay-style', 'cosine', '--split', '98,2,0', '--clip-grad', '1.0', '--weight-decay', '0.1', '--adam-beta1', '0.9', '--adam-beta2', '0.95', '--init-method-std', '0.006', '--bf16', '--checkpoint-activations', '--zero-stage=1', '--deepspeed-activation-checkpointing', '--tensorboard-log-interval', '1', '--eval-iters', '40'] exits with return code = 1
